<?xml version="1.0" encoding="UTF-8"?>
<!-- Generated by org.testng.reporters.JUnitReportReporter -->
<testsuite hostname="LAPTOP-KTO18VOH" failures="0" tests="1" name="Academy.validateNavigationBar" time="0.048" errors="0" timestamp="2021-08-09T20:34:48 IST" skipped="0">
  <testcase classname="Academy.validateNavigationBar" name="validateAppNavBar" time="0.048"/>
  <system-out/>
</testsuite> <!-- Academy.validateNavigationBar -->
