<?xml version="1.0" encoding="UTF-8"?>
<!-- Generated by org.testng.reporters.JUnitReportReporter -->
<testsuite hostname="LAPTOP-KTO18VOH" failures="0" tests="2" name="Academy.HomePage" time="8.580" errors="0" timestamp="2021-08-09T20:34:48 IST" skipped="0">
  <testcase classname="Academy.HomePage" name="basePageNavigation" time="6.959"/>
  <system-out/>
  <testcase classname="Academy.HomePage" name="basePageNavigation" time="1.621"/>
  <system-out/>
</testsuite> <!-- Academy.HomePage -->
