<?xml version="1.0" encoding="UTF-8"?>
<!-- Generated by org.testng.reporters.JUnitReportReporter -->
<testsuite hostname="LAPTOP-KTO18VOH" failures="0" tests="2" name="Academy.HomePage" time="6.025" errors="0" timestamp="6 Aug 2021 06:09:50 GMT">
  <testcase classname="Academy.HomePage" name="basePageNavigation" time="2.021"/>
  <testcase classname="Academy.HomePage" name="basePageNavigation" time="4.004"/>
</testsuite> <!-- Academy.HomePage -->
